<?xml version="1.0" encoding="UTF-8"?>
<testng-results skipped="0" failed="0" ignored="0" total="1" passed="1">
  <reporter-output>
  </reporter-output>
  <suite name="Default suite" duration-ms="78773" started-at="2017-06-15T11:29:42Z" finished-at="2017-06-15T11:31:01Z">
    <groups>
    </groups>
    <test name="Default test" duration-ms="78773" started-at="2017-06-15T11:29:42Z" finished-at="2017-06-15T11:31:01Z">
      <class name="executionEngine.HybridDriverScript">
        <test-method status="PASS" signature="beforeMethod()[pri:0, instance:executionEngine.HybridDriverScript@1fdc050]" name="beforeMethod" is-config="true" duration-ms="6362" started-at="2017-06-15T16:59:42Z" finished-at="2017-06-15T16:59:48Z">
          <reporter-output>
          </reporter-output>
        </test-method> <!-- beforeMethod -->
        <test-method status="PASS" signature="ExecuteTest()[pri:0, instance:executionEngine.HybridDriverScript@1fdc050]" name="ExecuteTest" duration-ms="70752" started-at="2017-06-15T16:59:48Z" finished-at="2017-06-15T17:00:59Z">
          <reporter-output>
          </reporter-output>
        </test-method> <!-- ExecuteTest -->
        <test-method status="PASS" signature="afterMethod()[pri:0, instance:executionEngine.HybridDriverScript@1fdc050]" name="afterMethod" is-config="true" duration-ms="1614" started-at="2017-06-15T17:00:59Z" finished-at="2017-06-15T17:01:01Z">
          <reporter-output>
          </reporter-output>
        </test-method> <!-- afterMethod -->
      </class> <!-- executionEngine.HybridDriverScript -->
    </test> <!-- Default test -->
  </suite> <!-- Default suite -->
</testng-results>
